[debug] [2025-05-05T20:26:10.831Z] ----------------------------------------------------------------------
[debug] [2025-05-05T20:26:10.834Z] Command:       C:\Program Files\nodejs\node.exe C:\Users\Kárpáti Tamás\AppData\Roaming\npm\node_modules\firebase-tools\lib\bin\firebase.js deploy --only functions:notifyNewSurvey
[debug] [2025-05-05T20:26:10.834Z] CLI Version:   13.29.2
[debug] [2025-05-05T20:26:10.834Z] Platform:      win32
[debug] [2025-05-05T20:26:10.834Z] Node Version:  v20.12.2
[debug] [2025-05-05T20:26:10.834Z] Time:          Mon May 05 2025 22:26:10 GMT+0200 (közép-európai nyári idő)
[debug] [2025-05-05T20:26:10.834Z] ----------------------------------------------------------------------
[debug] 
[debug] [2025-05-05T20:26:11.008Z] > command requires scopes: ["email","openid","https://www.googleapis.com/auth/cloudplatformprojects.readonly","https://www.googleapis.com/auth/firebase","https://www.googleapis.com/auth/cloud-platform"]
[debug] [2025-05-05T20:26:11.008Z] > authorizing via signed-in user (karpati.tamas97@gmail.com)
[debug] [2025-05-05T20:26:11.008Z] [iam] checking project eso-companion-app-89474 for permissions ["cloudfunctions.functions.create","cloudfunctions.functions.delete","cloudfunctions.functions.get","cloudfunctions.functions.list","cloudfunctions.functions.update","cloudfunctions.operations.get","firebase.projects.get"]
[debug] [2025-05-05T20:26:11.009Z] Checked if tokens are valid: true, expires at: 1746479714976
[debug] [2025-05-05T20:26:11.009Z] Checked if tokens are valid: true, expires at: 1746479714976
[debug] [2025-05-05T20:26:11.011Z] >>> [apiv2][query] POST https://cloudresourcemanager.googleapis.com/v1/projects/eso-companion-app-89474:testIamPermissions [none]
[debug] [2025-05-05T20:26:11.012Z] >>> [apiv2][(partial)header] POST https://cloudresourcemanager.googleapis.com/v1/projects/eso-companion-app-89474:testIamPermissions x-goog-quota-user=projects/eso-companion-app-89474
[debug] [2025-05-05T20:26:11.012Z] >>> [apiv2][body] POST https://cloudresourcemanager.googleapis.com/v1/projects/eso-companion-app-89474:testIamPermissions {"permissions":["cloudfunctions.functions.create","cloudfunctions.functions.delete","cloudfunctions.functions.get","cloudfunctions.functions.list","cloudfunctions.functions.update","cloudfunctions.operations.get","firebase.projects.get"]}
[debug] [2025-05-05T20:26:12.410Z] <<< [apiv2][status] POST https://cloudresourcemanager.googleapis.com/v1/projects/eso-companion-app-89474:testIamPermissions 200
[debug] [2025-05-05T20:26:12.410Z] <<< [apiv2][body] POST https://cloudresourcemanager.googleapis.com/v1/projects/eso-companion-app-89474:testIamPermissions {"permissions":["cloudfunctions.functions.create","cloudfunctions.functions.delete","cloudfunctions.functions.get","cloudfunctions.functions.list","cloudfunctions.functions.update","cloudfunctions.operations.get","firebase.projects.get"]}
[debug] [2025-05-05T20:26:12.411Z] Checked if tokens are valid: true, expires at: 1746479714976
[debug] [2025-05-05T20:26:12.411Z] Checked if tokens are valid: true, expires at: 1746479714976
[debug] [2025-05-05T20:26:12.411Z] >>> [apiv2][query] POST https://iam.googleapis.com/v1/projects/eso-companion-app-89474/serviceAccounts/eso-companion-app-89474@appspot.gserviceaccount.com:testIamPermissions [none]
[debug] [2025-05-05T20:26:12.411Z] >>> [apiv2][body] POST https://iam.googleapis.com/v1/projects/eso-companion-app-89474/serviceAccounts/eso-companion-app-89474@appspot.gserviceaccount.com:testIamPermissions {"permissions":["iam.serviceAccounts.actAs"]}
